Using pre-set license
Built from '2020.2/release' branch; Version is '2020.2.2f1 (068178b99f32) revision 426360'; Using compiler version '192528614'; Build Type 'Release'
OS: 'Windows 10 Home; OS build 18363.1256; Version 1909; 64bit' Language: 'en' Physical Memory: 32689 MB
BatchMode: 1, IsHumanControllingUs: 0, StartBugReporterOnCrash: 0, Is64bit: 1, IsPro: 0

 COMMAND LINE ARGUMENTS:
C:\Program Files\Unity\Hub\Editor\2020.2.2f1\Editor\Unity.exe
-adb2
-batchMode
-noUpm
-name
AssetImportWorker0
-projectPath
C:/creative/gamedev/unity/2021/gamejam/globalgamejam/proj/GlobalGameJam2021V2/U
-logFile
Logs/AssetImportWorker0.log
-srvPort
55249
Successfully changed project path to: C:/creative/gamedev/unity/2021/gamejam/globalgamejam/proj/GlobalGameJam2021V2/U
C:/creative/gamedev/unity/2021/gamejam/globalgamejam/proj/GlobalGameJam2021V2/U
Using Asset Import Pipeline V2.
Refreshing native plugins compatible for Editor in 66.56 ms, found 0 plugins.
Preloading 0 native plugins for Editor in 0.00 ms.
Initialize engine version: 2020.2.2f1 (068178b99f32)
[Subsystems] Discovering subsystems at path C:/Program Files/Unity/Hub/Editor/2020.2.2f1/Editor/Data/Resources/UnitySubsystems
[Subsystems] Discovering subsystems at path C:/creative/gamedev/unity/2021/gamejam/globalgamejam/proj/GlobalGameJam2021V2/U/Assets
GfxDevice: creating device client; threaded=0
Direct3D:
    Version:  Direct3D 11.0 [level 11.1]
    Renderer: NVIDIA GeForce RTX 2080 with Max-Q Design (ID=0x1ed0)
    Vendor:   
    VRAM:     8010 MB
    Driver:   27.21.14.6140
Shader 'Universal Render Pipeline/Particles/Lit': fallback shader 'Universal Render Pipeline/Particles/SimpleLit' not found
Initialize mono
Mono path[0] = 'C:/Program Files/Unity/Hub/Editor/2020.2.2f1/Editor/Data/Managed'
Mono path[1] = 'C:/Program Files/Unity/Hub/Editor/2020.2.2f1/Editor/Data/MonoBleedingEdge/lib/mono/unityjit'
Mono config path = 'C:/Program Files/Unity/Hub/Editor/2020.2.2f1/Editor/Data/MonoBleedingEdge/etc'
Using monoOptions --debugger-agent=transport=dt_socket,embedding=1,server=y,suspend=n,address=127.0.0.1:56508
Begin MonoManager ReloadAssembly
Registering precompiled unity dll's ...
Register platform support module: C:/Program Files/Unity/Hub/Editor/2020.2.2f1/Editor/Data/PlaybackEngines/WindowsStandaloneSupport/UnityEditor.WindowsStandalone.Extensions.dll
Registered in 0.002789 seconds.
Native extension for WindowsStandalone target not found
Refreshing native plugins compatible for Editor in 71.45 ms, found 0 plugins.
Preloading 0 native plugins for Editor in 0.00 ms.
Invoked RoslynAnalysisRunner static constructor.
RoslynAnalysisRunner will not be running.
RoslynAnalysisRunner has terminated.
Mono: successfully reloaded assembly
- Completed reload, in  1.616 seconds
Platform modules already initialized, skipping
Registering precompiled user dll's ...
Registered in 0.001840 seconds.
Begin MonoManager ReloadAssembly
Native extension for WindowsStandalone target not found
Refreshing native plugins compatible for Editor in 78.18 ms, found 0 plugins.
Preloading 0 native plugins for Editor in 0.00 ms.
Invoked RoslynAnalysisRunner static constructor.
RoslynAnalysisRunner will not be running.
RoslynAnalysisRunner has terminated.
Mono: successfully reloaded assembly
- Completed reload, in  1.486 seconds
Platform modules already initialized, skipping
========================================================================
Worker process is ready to serve import requests
Shader 'Universal Render Pipeline/Particles/Lit': fallback shader 'Universal Render Pipeline/Particles/SimpleLit' not found
Launched and connected shader compiler UnityShaderCompiler.exe after 0.07 seconds
Refreshing native plugins compatible for Editor in 0.98 ms, found 0 plugins.
Preloading 0 native plugins for Editor in 0.00 ms.
Unloading 2345 Unused Serialized files (Serialized files now loaded: 0)
System memory in use before: 107.7 MB.
System memory in use after: 107.8 MB.

Unloading 11 unused Assets to reduce memory usage. Loaded Objects now: 2786.
Total: 8.090200 ms (FindLiveObjects: 0.825000 ms CreateObjectMapping: 0.463900 ms MarkObjects: 6.646100 ms  DeleteObjects: 0.151600 ms)

========================================================================
Received Import Request.
  path: Assets
  artifactKey: Guid(00000000000000001000000000000000) Importer(815301076,1909f56bfc062723c751e8b465ee728b)
Start importing Assets using Guid(00000000000000001000000000000000) Importer(815301076,1909f56bfc062723c751e8b465ee728b)  -> (artifact id: '4a6e520b92ccfc61bcfa21a7bcab8468') in 0.030463 seconds
  Import took 0.043385 seconds .

========================================================================
Received Import Request.
  Time since last request: 17.622531 seconds.
  path: Assets/NewAudioMixer.mixer
  artifactKey: Guid(d381626b37063fc4bafeb01d92dca00d) Importer(815301076,1909f56bfc062723c751e8b465ee728b)
Start importing Assets/NewAudioMixer.mixer using Guid(d381626b37063fc4bafeb01d92dca00d) Importer(815301076,1909f56bfc062723c751e8b465ee728b)  -> (artifact id: 'c5a94ab613ba4f7c51c727d1ce349c41') in 0.074364 seconds
  Import took 0.081041 seconds .

========================================================================
Received Import Request.
  Time since last request: 17.024262 seconds.
  path: Assets/UniversalRenderPipelineAsset.asset
  artifactKey: Guid(b3faf6928cf25e5469de41fc54e39473) Importer(815301076,1909f56bfc062723c751e8b465ee728b)
Start importing Assets/UniversalRenderPipelineAsset.asset using Guid(b3faf6928cf25e5469de41fc54e39473) Importer(815301076,1909f56bfc062723c751e8b465ee728b)  -> (artifact id: 'e5f8ec20820307c9b338ae36fb1ca305') in 0.074201 seconds
  Import took 0.084135 seconds .

========================================================================
Received Import Request.
  Time since last request: 0.000386 seconds.
  path: Assets/UniversalRenderPipelineAsset_Renderer.asset
  artifactKey: Guid(d614d7df90f76f140924d18078b6761e) Importer(815301076,1909f56bfc062723c751e8b465ee728b)
Start importing Assets/UniversalRenderPipelineAsset_Renderer.asset using Guid(d614d7df90f76f140924d18078b6761e) Importer(815301076,1909f56bfc062723c751e8b465ee728b)  -> (artifact id: 'abf6dd4436e3631b6561bb654911b3fe') in 0.070280 seconds
  Import took 0.081902 seconds .

========================================================================
Received Import Request.
  Time since last request: 9.005707 seconds.
  path: Assets/CustomForwardRendererData.asset
  artifactKey: Guid(c025e6faf696ed84cb8b8ac401da4f7c) Importer(815301076,1909f56bfc062723c751e8b465ee728b)
Start importing Assets/CustomForwardRendererData.asset using Guid(c025e6faf696ed84cb8b8ac401da4f7c) Importer(815301076,1909f56bfc062723c751e8b465ee728b)  -> (artifact id: '0d8f66f94b28e13e8b0b21dc72352562') in 0.037093 seconds
  Import took 0.044851 seconds .

========================================================================
Received Import Request.
  Time since last request: 60.263959 seconds.
  path: Assets/Scenes
  artifactKey: Guid(6000032012aa7ec42b1f06e5b7c069d1) Importer(815301076,1909f56bfc062723c751e8b465ee728b)
Start importing Assets/Scenes using Guid(6000032012aa7ec42b1f06e5b7c069d1) Importer(815301076,1909f56bfc062723c751e8b465ee728b)  -> (artifact id: '1909ba4264a927f0bef89b2540bebcb7') in 0.012974 seconds
  Import took 0.022166 seconds .

========================================================================
Received Prepare
Registering precompiled user dll's ...
Registered in 0.004615 seconds.
Begin MonoManager ReloadAssembly
Native extension for WindowsStandalone target not found
Refreshing native plugins compatible for Editor in 107.29 ms, found 0 plugins.
Preloading 0 native plugins for Editor in 0.00 ms.
Invoked RoslynAnalysisRunner static constructor.
RoslynAnalysisRunner will not be running.
RoslynAnalysisRunner has terminated.
Mono: successfully reloaded assembly
- Completed reload, in  2.096 seconds
Platform modules already initialized, skipping
Switching render pipeline 00000000000000000000000000000000 -> b3faf6928cf25e5469de41fc54e39473
Shader 'Universal Render Pipeline/Particles/Lit': fallback shader 'Universal Render Pipeline/Particles/SimpleLit' not found
Refreshing native plugins compatible for Editor in 1.37 ms, found 0 plugins.
Preloading 0 native plugins for Editor in 0.00 ms.
Unloading 2854 Unused Serialized files (Serialized files now loaded: 0)
System memory in use before: 124.1 MB.
System memory in use after: 124.2 MB.

Unloading 12 unused Assets to reduce memory usage. Loaded Objects now: 3351.
Total: 9.803900 ms (FindLiveObjects: 1.022900 ms CreateObjectMapping: 1.590700 ms MarkObjects: 6.918400 ms  DeleteObjects: 0.267900 ms)

========================================================================
Received Import Request.
  Time since last request: 129.381117 seconds.
  path: Assets/New VFX.vfx
  artifactKey: Guid(1462c597efe5b7b46939c61895578633) Importer(815301076,1909f56bfc062723c751e8b465ee728b)
Start importing Assets/New VFX.vfx using Guid(1462c597efe5b7b46939c61895578633) Importer(815301076,1909f56bfc062723c751e8b465ee728b)  -> (artifact id: '0cc4d18e80b91fdc12f060d8e1fdc13f') in 0.045010 seconds
  Import took 0.054740 seconds .

========================================================================
Received Import Request.
  Time since last request: 63.147526 seconds.
  path: Assets/UniversalRenderPipelineAsset_Renderer.asset
  artifactKey: Guid(d614d7df90f76f140924d18078b6761e) Importer(815301076,1909f56bfc062723c751e8b465ee728b)
Start importing Assets/UniversalRenderPipelineAsset_Renderer.asset using Guid(d614d7df90f76f140924d18078b6761e) Importer(815301076,1909f56bfc062723c751e8b465ee728b)  -> (artifact id: '8f9b8cfae745cc24b9f3f0e785043dff') in 0.012084 seconds
  Import took 0.023114 seconds .

========================================================================
Received Import Request.
  Time since last request: 0.004456 seconds.
  path: Assets/UniversalRenderPipelineAsset_Renderer.asset
  artifactKey: Guid(d614d7df90f76f140924d18078b6761e) Importer(815301076,1909f56bfc062723c751e8b465ee728b)
Start importing Assets/UniversalRenderPipelineAsset_Renderer.asset using Guid(d614d7df90f76f140924d18078b6761e) Importer(815301076,1909f56bfc062723c751e8b465ee728b)  -> (artifact id: '8f9b8cfae745cc24b9f3f0e785043dff') in 0.007496 seconds
  Import took 0.017519 seconds .

========================================================================
Received Import Request.
  Time since last request: 8.494626 seconds.
  path: ProjectSettings/TagManager.asset
  artifactKey: Guid(00000000000000003000000000000000) Importer(815301076,1909f56bfc062723c751e8b465ee728b)
Start importing ProjectSettings/TagManager.asset using Guid(00000000000000003000000000000000) Importer(815301076,1909f56bfc062723c751e8b465ee728b)  -> (artifact id: 'fd92daecbe83b9f7423c13a31702b980') in 0.020180 seconds
  Import took 0.030860 seconds .

========================================================================
Received Import Request.
  Time since last request: 0.001498 seconds.
  path: ProjectSettings/TagManager.asset
  artifactKey: Guid(00000000000000003000000000000000) Importer(815301076,1909f56bfc062723c751e8b465ee728b)
Start importing ProjectSettings/TagManager.asset using Guid(00000000000000003000000000000000) Importer(815301076,1909f56bfc062723c751e8b465ee728b)  -> (artifact id: 'fd92daecbe83b9f7423c13a31702b980') in 0.010795 seconds
  Import took 0.018873 seconds .

========================================================================
Received Import Request.
  Time since last request: 16.932196 seconds.
  path: Assets/UniversalRenderPipelineAsset.asset
  artifactKey: Guid(b3faf6928cf25e5469de41fc54e39473) Importer(815301076,1909f56bfc062723c751e8b465ee728b)
Start importing Assets/UniversalRenderPipelineAsset.asset using Guid(b3faf6928cf25e5469de41fc54e39473) Importer(815301076,1909f56bfc062723c751e8b465ee728b)  -> (artifact id: '2aff93dd174fe80b6e30b7536693171d') in 0.018618 seconds
  Import took 0.029828 seconds .

========================================================================
Received Import Request.
  Time since last request: 152.203898 seconds.
  path: Assets/CustomForwardRendererData.asset
  artifactKey: Guid(c025e6faf696ed84cb8b8ac401da4f7c) Importer(815301076,1909f56bfc062723c751e8b465ee728b)
Start importing Assets/CustomForwardRendererData.asset using Guid(c025e6faf696ed84cb8b8ac401da4f7c) Importer(815301076,1909f56bfc062723c751e8b465ee728b)  -> (artifact id: 'f5490d09204259e17d7336e40a7c0da9') in 0.008711 seconds
  Import took 0.017893 seconds .

========================================================================
Received Import Request.
  Time since last request: 223.452946 seconds.
  path: Assets/Uwu.cs
  artifactKey: Guid(3f282480ebb66204a917de1e22c3ec02) Importer(815301076,1909f56bfc062723c751e8b465ee728b)
Start importing Assets/Uwu.cs using Guid(3f282480ebb66204a917de1e22c3ec02) Importer(815301076,1909f56bfc062723c751e8b465ee728b)  -> (artifact id: 'e58b47896bf6a7564feabfca51d4de3a') in 0.072536 seconds
  Import took 0.102704 seconds .

========================================================================
Received Prepare
Registering precompiled user dll's ...
Registered in 0.003890 seconds.
Begin MonoManager ReloadAssembly
Native extension for WindowsStandalone target not found
Refreshing native plugins compatible for Editor in 3.12 ms, found 0 plugins.
Preloading 0 native plugins for Editor in 0.00 ms.
Invoked RoslynAnalysisRunner static constructor.
RoslynAnalysisRunner will not be running.
RoslynAnalysisRunner has terminated.
Mono: successfully reloaded assembly
- Completed reload, in  1.615 seconds
Platform modules already initialized, skipping
Switching render pipeline 00000000000000000000000000000000 -> b3faf6928cf25e5469de41fc54e39473
Shader 'Universal Render Pipeline/Particles/Lit': fallback shader 'Universal Render Pipeline/Particles/SimpleLit' not found
Refreshing native plugins compatible for Editor in 0.77 ms, found 0 plugins.
Preloading 0 native plugins for Editor in 0.00 ms.
Unloading 2809 Unused Serialized files (Serialized files now loaded: 0)
System memory in use before: 122.8 MB.
System memory in use after: 122.9 MB.

Unloading 14 unused Assets to reduce memory usage. Loaded Objects now: 3356.
Total: 5.841200 ms (FindLiveObjects: 0.753400 ms CreateObjectMapping: 0.456400 ms MarkObjects: 4.298500 ms  DeleteObjects: 0.330500 ms)

========================================================================
Received Prepare
Registering precompiled user dll's ...
Registered in 0.007250 seconds.
Begin MonoManager ReloadAssembly
Native extension for WindowsStandalone target not found
Refreshing native plugins compatible for Editor in 1.63 ms, found 0 plugins.
Preloading 0 native plugins for Editor in 0.00 ms.
Invoked RoslynAnalysisRunner static constructor.
RoslynAnalysisRunner will not be running.
RoslynAnalysisRunner has terminated.
Mono: successfully reloaded assembly
- Completed reload, in  2.884 seconds
Platform modules already initialized, skipping
Switching render pipeline 00000000000000000000000000000000 -> b3faf6928cf25e5469de41fc54e39473
Shader 'Universal Render Pipeline/Particles/Lit': fallback shader 'Universal Render Pipeline/Particles/SimpleLit' not found
Refreshing native plugins compatible for Editor in 4.36 ms, found 0 plugins.
Preloading 0 native plugins for Editor in 0.00 ms.
Unloading 2807 Unused Serialized files (Serialized files now loaded: 0)
System memory in use before: 123.6 MB.
System memory in use after: 123.7 MB.

Unloading 12 unused Assets to reduce memory usage. Loaded Objects now: 3358.
Total: 24.626900 ms (FindLiveObjects: 4.253600 ms CreateObjectMapping: 1.454500 ms MarkObjects: 18.429000 ms  DeleteObjects: 0.486400 ms)

========================================================================
Received Import Request.
  Time since last request: 143.593965 seconds.
  path: Assets/Uwu.cs
  artifactKey: Guid(3f282480ebb66204a917de1e22c3ec02) Importer(815301076,1909f56bfc062723c751e8b465ee728b)
Start importing Assets/Uwu.cs using Guid(3f282480ebb66204a917de1e22c3ec02) Importer(815301076,1909f56bfc062723c751e8b465ee728b)  -> (artifact id: 'd281d7a6e909ca78545714e5d176414a') in 0.039329 seconds
  Import took 0.063174 seconds .

========================================================================
Received Import Request.
  Time since last request: 148.936057 seconds.
  path: Assets/UniversalRenderPipelineAsset 1.asset
  artifactKey: Guid(92bbc369d0876e245840af03b57189e9) Importer(815301076,1909f56bfc062723c751e8b465ee728b)
Start importing Assets/UniversalRenderPipelineAsset 1.asset using Guid(92bbc369d0876e245840af03b57189e9) Importer(815301076,1909f56bfc062723c751e8b465ee728b)  -> (artifact id: '2964958a20017565e1b7d6919bdb5825') in 0.041685 seconds
  Import took 0.054025 seconds .

========================================================================
Received Import Request.
  Time since last request: 0.000471 seconds.
  path: Assets/UniversalRenderPipelineAsset 1_Renderer.asset
  artifactKey: Guid(b66380ef13a25d44d893d9ea620ec575) Importer(815301076,1909f56bfc062723c751e8b465ee728b)
Start importing Assets/UniversalRenderPipelineAsset 1_Renderer.asset using Guid(b66380ef13a25d44d893d9ea620ec575) Importer(815301076,1909f56bfc062723c751e8b465ee728b)  -> (artifact id: '03ef374b0c762ed868e7d4349aaf8ab4') in 0.054664 seconds
  Import took 0.065313 seconds .

========================================================================
Received Prepare
Registering precompiled user dll's ...
Registered in 0.009299 seconds.
Begin MonoManager ReloadAssembly
Native extension for WindowsStandalone target not found
Refreshing native plugins compatible for Editor in 2.23 ms, found 0 plugins.
Preloading 0 native plugins for Editor in 0.00 ms.
Invoked RoslynAnalysisRunner static constructor.
RoslynAnalysisRunner will not be running.
RoslynAnalysisRunner has terminated.
Mono: successfully reloaded assembly
- Completed reload, in  2.382 seconds
Platform modules already initialized, skipping
Switching render pipeline 00000000000000000000000000000000 -> b3faf6928cf25e5469de41fc54e39473
Shader 'Universal Render Pipeline/Particles/Lit': fallback shader 'Universal Render Pipeline/Particles/SimpleLit' not found
Refreshing native plugins compatible for Editor in 17.20 ms, found 0 plugins.
Preloading 0 native plugins for Editor in 0.00 ms.
Unloading 2807 Unused Serialized files (Serialized files now loaded: 0)
System memory in use before: 123.7 MB.
System memory in use after: 123.8 MB.

Unloading 12 unused Assets to reduce memory usage. Loaded Objects now: 3360.
Total: 10.076500 ms (FindLiveObjects: 5.481700 ms CreateObjectMapping: 0.775500 ms MarkObjects: 3.677700 ms  DeleteObjects: 0.138100 ms)

========================================================================
Received Prepare
Switching render pipeline 00000000000000000000000000000000 -> 92bbc369d0876e245840af03b57189e9
Shader 'Universal Render Pipeline/Particles/Lit': fallback shader 'Universal Render Pipeline/Particles/SimpleLit' not found
Refreshing native plugins compatible for Editor in 11.34 ms, found 0 plugins.
Preloading 0 native plugins for Editor in 0.00 ms.
Unloading 11 Unused Serialized files (Serialized files now loaded: 0)
System memory in use before: 67.4 MB.
System memory in use after: 67.5 MB.

Unloading 10 unused Assets to reduce memory usage. Loaded Objects now: 3361.
Total: 11.322800 ms (FindLiveObjects: 0.442100 ms CreateObjectMapping: 0.236600 ms MarkObjects: 9.981100 ms  DeleteObjects: 0.660900 ms)

========================================================================
Received Prepare
Switching render pipeline 00000000000000000000000000000000 -> b3faf6928cf25e5469de41fc54e39473
Shader 'Universal Render Pipeline/Particles/Lit': fallback shader 'Universal Render Pipeline/Particles/SimpleLit' not found
Refreshing native plugins compatible for Editor in 2.46 ms, found 0 plugins.
Preloading 0 native plugins for Editor in 0.00 ms.
Unloading 10 Unused Serialized files (Serialized files now loaded: 0)
System memory in use before: 67.7 MB.
System memory in use after: 67.8 MB.

Unloading 10 unused Assets to reduce memory usage. Loaded Objects now: 3361.
Total: 8.783900 ms (FindLiveObjects: 0.869700 ms CreateObjectMapping: 1.352000 ms MarkObjects: 6.276700 ms  DeleteObjects: 0.279400 ms)

AssetImportWorkerClient::OnTransportError - code=2 error=End of file
