Using pre-set license
Built from '2020.2/release' branch; Version is '2020.2.2f1 (068178b99f32) revision 426360'; Using compiler version '192528614'; Build Type 'Release'
OS: 'Windows 10 Home; OS build 18363.1256; Version 1909; 64bit' Language: 'en' Physical Memory: 32689 MB
BatchMode: 1, IsHumanControllingUs: 0, StartBugReporterOnCrash: 0, Is64bit: 1, IsPro: 0

 COMMAND LINE ARGUMENTS:
C:\Program Files\Unity\Hub\Editor\2020.2.2f1\Editor\Unity.exe
-adb2
-batchMode
-noUpm
-name
AssetImportWorker2
-projectPath
C:/creative/gamedev/unity/2021/gamejam/globalgamejam/proj/GlobalGameJam2021V2/GlobalGameJam2021
-logFile
Logs/AssetImportWorker2.log
-srvPort
61404
Successfully changed project path to: C:/creative/gamedev/unity/2021/gamejam/globalgamejam/proj/GlobalGameJam2021V2/GlobalGameJam2021
C:/creative/gamedev/unity/2021/gamejam/globalgamejam/proj/GlobalGameJam2021V2/GlobalGameJam2021
Using Asset Import Pipeline V2.
Refreshing native plugins compatible for Editor in 225.60 ms, found 0 plugins.
Preloading 0 native plugins for Editor in 0.00 ms.
Initialize engine version: 2020.2.2f1 (068178b99f32)
[Subsystems] Discovering subsystems at path C:/Program Files/Unity/Hub/Editor/2020.2.2f1/Editor/Data/Resources/UnitySubsystems
[Subsystems] Discovering subsystems at path C:/creative/gamedev/unity/2021/gamejam/globalgamejam/proj/GlobalGameJam2021V2/GlobalGameJam2021/Assets
GfxDevice: creating device client; threaded=0
Direct3D:
    Version:  Direct3D 11.0 [level 11.1]
    Renderer: NVIDIA GeForce RTX 2080 with Max-Q Design (ID=0x1ed0)
    Vendor:   
    VRAM:     8010 MB
    Driver:   27.21.14.6140
Initialize mono
Mono path[0] = 'C:/Program Files/Unity/Hub/Editor/2020.2.2f1/Editor/Data/Managed'
Mono path[1] = 'C:/Program Files/Unity/Hub/Editor/2020.2.2f1/Editor/Data/MonoBleedingEdge/lib/mono/unityjit'
Mono config path = 'C:/Program Files/Unity/Hub/Editor/2020.2.2f1/Editor/Data/MonoBleedingEdge/etc'
Using monoOptions --debugger-agent=transport=dt_socket,embedding=1,server=y,suspend=n,address=127.0.0.1:56780
Begin MonoManager ReloadAssembly
Registering precompiled unity dll's ...
Register platform support module: C:/Program Files/Unity/Hub/Editor/2020.2.2f1/Editor/Data/PlaybackEngines/WindowsStandaloneSupport/UnityEditor.WindowsStandalone.Extensions.dll
Registered in 0.004254 seconds.
Native extension for WindowsStandalone target not found
Refreshing native plugins compatible for Editor in 129.69 ms, found 0 plugins.
Preloading 0 native plugins for Editor in 0.00 ms.
Invoked RoslynAnalysisRunner static constructor.
RoslynAnalysisRunner will not be running.
RoslynAnalysisRunner has terminated.
Mono: successfully reloaded assembly
- Completed reload, in  2.319 seconds
Platform modules already initialized, skipping
Registering precompiled user dll's ...
Registered in 0.005989 seconds.
Begin MonoManager ReloadAssembly
Native extension for WindowsStandalone target not found
Refreshing native plugins compatible for Editor in 311.20 ms, found 0 plugins.
Preloading 0 native plugins for Editor in 0.00 ms.
Invoked RoslynAnalysisRunner static constructor.
RoslynAnalysisRunner will not be running.
RoslynAnalysisRunner has terminated.
Mono: successfully reloaded assembly
- Completed reload, in  8.883 seconds
Platform modules already initialized, skipping
========================================================================
Worker process is ready to serve import requests
Launched and connected shader compiler UnityShaderCompiler.exe after 0.15 seconds
Refreshing native plugins compatible for Editor in 3.09 ms, found 0 plugins.
Preloading 0 native plugins for Editor in 0.00 ms.
Unloading 3570 Unused Serialized files (Serialized files now loaded: 0)
System memory in use before: 177.9 MB.
System memory in use after: 178.1 MB.

Unloading 12 unused Assets to reduce memory usage. Loaded Objects now: 4037.
Total: 24.624100 ms (FindLiveObjects: 1.119200 ms CreateObjectMapping: 0.592600 ms MarkObjects: 22.594800 ms  DeleteObjects: 0.312000 ms)

========================================================================
Received Import Request.
  path: Assets/Circle.asset
  artifactKey: Guid(fb9071041408f174d990de5727a3e322) Importer(815301076,1909f56bfc062723c751e8b465ee728b)
Start importing Assets/Circle.asset using Guid(fb9071041408f174d990de5727a3e322) Importer(815301076,1909f56bfc062723c751e8b465ee728b)  -> (artifact id: 'c2809c8f7c296216c75289e0c44c83b3') in 0.157645 seconds
  Import took 0.186040 seconds .

========================================================================
Received Import Request.
  Time since last request: 0.003908 seconds.
  path: Assets/ree.mat
  artifactKey: Guid(ce7b7c866b467634d8c891a1258c9211) Importer(815301076,1909f56bfc062723c751e8b465ee728b)
Start importing Assets/ree.mat using Guid(ce7b7c866b467634d8c891a1258c9211) Importer(815301076,1909f56bfc062723c751e8b465ee728b)  -> (artifact id: 'b01092849760688a6006727939f01223') in 10.801993 seconds
  Import took 10.832434 seconds .

========================================================================
Received Import Request.
  Time since last request: 0.000323 seconds.
  path: Assets/Square.asset
  artifactKey: Guid(a14cf0ea5e6aa514aa359e4faa65a5cd) Importer(815301076,1909f56bfc062723c751e8b465ee728b)
Start importing Assets/Square.asset using Guid(a14cf0ea5e6aa514aa359e4faa65a5cd) Importer(815301076,1909f56bfc062723c751e8b465ee728b)  -> (artifact id: '403fbbe454d485007a62eb57a177fb3b') in 0.050450 seconds
  Import took 0.079363 seconds .

========================================================================
Received Prepare
Registering precompiled user dll's ...
Registered in 0.012337 seconds.
Begin MonoManager ReloadAssembly
Native extension for WindowsStandalone target not found
Refreshing native plugins compatible for Editor in 0.71 ms, found 0 plugins.
Preloading 0 native plugins for Editor in 0.00 ms.
Invoked RoslynAnalysisRunner static constructor.
RoslynAnalysisRunner will not be running.
RoslynAnalysisRunner has terminated.
Mono: successfully reloaded assembly
- Completed reload, in  3.800 seconds
Platform modules already initialized, skipping
Refreshing native plugins compatible for Editor in 3.13 ms, found 0 plugins.
Preloading 0 native plugins for Editor in 0.00 ms.
Unloading 3307 Unused Serialized files (Serialized files now loaded: 0)
System memory in use before: 178.1 MB.
System memory in use after: 178.3 MB.

Unloading 7 unused Assets to reduce memory usage. Loaded Objects now: 4210.
Total: 6.496000 ms (FindLiveObjects: 1.034000 ms CreateObjectMapping: 0.464400 ms MarkObjects: 4.807300 ms  DeleteObjects: 0.186300 ms)

========================================================================
Received Import Request.
  Time since last request: 1042.651337 seconds.
  path: Assets/HDRPDefaultResources
  artifactKey: Guid(a5183483ab914754987983769e201afd) Importer(815301076,1909f56bfc062723c751e8b465ee728b)
Start importing Assets/HDRPDefaultResources using Guid(a5183483ab914754987983769e201afd) Importer(815301076,1909f56bfc062723c751e8b465ee728b)  -> (artifact id: 'eac8957857005964c1810d3a844515e4') in 0.031090 seconds
  Import took 0.055443 seconds .

========================================================================
Received Import Request.
  Time since last request: 0.000280 seconds.
  path: Assets/HDRPDefaultResources/DefaultSettingsVolumeProfile.asset
  artifactKey: Guid(e4736ae97850b3d468fd43a3c79b9679) Importer(815301076,1909f56bfc062723c751e8b465ee728b)
Start importing Assets/HDRPDefaultResources/DefaultSettingsVolumeProfile.asset using Guid(e4736ae97850b3d468fd43a3c79b9679) Importer(815301076,1909f56bfc062723c751e8b465ee728b)  -> (artifact id: '8aec22c0b229e9ef2cce027179d11d92') in 0.050326 seconds
  Import took 0.069052 seconds .

========================================================================
Received Import Request.
  Time since last request: 0.000720 seconds.
  path: Assets/HDRPDefaultResources/Skin Diffusion Profile.asset
  artifactKey: Guid(90c6802f0507b454182a360bcba42df1) Importer(815301076,1909f56bfc062723c751e8b465ee728b)
Start importing Assets/HDRPDefaultResources/Skin Diffusion Profile.asset using Guid(90c6802f0507b454182a360bcba42df1) Importer(815301076,1909f56bfc062723c751e8b465ee728b)  -> (artifact id: '834c678da44969cc269464e4be08dc3a') in 0.021614 seconds
  Import took 0.037359 seconds .

========================================================================
Received Import Request.
  Time since last request: 0.000425 seconds.
  path: Assets/HDRPDefaultResources/HDRenderPipelineAsset.asset
  artifactKey: Guid(04123a5c094a8b64bb0cc8d5b5825f70) Importer(815301076,1909f56bfc062723c751e8b465ee728b)
Start importing Assets/HDRPDefaultResources/HDRenderPipelineAsset.asset using Guid(04123a5c094a8b64bb0cc8d5b5825f70) Importer(815301076,1909f56bfc062723c751e8b465ee728b)  -> (artifact id: 'f66c498f779649f22058cc980c0cf62b') in 0.031252 seconds
  Import took 0.056730 seconds .

========================================================================
Received Import Request.
  Time since last request: 0.000917 seconds.
  path: Assets/HDRPDefaultResources/Foliage Diffusion Profile.asset
  artifactKey: Guid(46d1ed161f12cc94780281f9d8b5cf45) Importer(815301076,1909f56bfc062723c751e8b465ee728b)
Start importing Assets/HDRPDefaultResources/Foliage Diffusion Profile.asset using Guid(46d1ed161f12cc94780281f9d8b5cf45) Importer(815301076,1909f56bfc062723c751e8b465ee728b)  -> (artifact id: '5d8a5757e7808886630dd33a093451b0') in 0.024996 seconds
  Import took 0.048091 seconds .

========================================================================
Received Prepare
Registering precompiled user dll's ...
Registered in 0.002356 seconds.
Begin MonoManager ReloadAssembly
Native extension for WindowsStandalone target not found
Refreshing native plugins compatible for Editor in 0.68 ms, found 0 plugins.
Preloading 0 native plugins for Editor in 0.00 ms.
Invoked RoslynAnalysisRunner static constructor.
RoslynAnalysisRunner will not be running.
RoslynAnalysisRunner has terminated.
Mono: successfully reloaded assembly
- Completed reload, in  2.883 seconds
Platform modules already initialized, skipping
Refreshing native plugins compatible for Editor in 2.70 ms, found 0 plugins.
Preloading 0 native plugins for Editor in 0.00 ms.
Unloading 3298 Unused Serialized files (Serialized files now loaded: 0)
System memory in use before: 177.8 MB.
System memory in use after: 178.0 MB.

Unloading 20 unused Assets to reduce memory usage. Loaded Objects now: 4212.
Total: 14.624000 ms (FindLiveObjects: 1.813600 ms CreateObjectMapping: 3.110100 ms MarkObjects: 8.907000 ms  DeleteObjects: 0.790300 ms)

========================================================================
Received Import Request.
  Time since last request: 362.315670 seconds.
  path: Assets/HDRPDefaultResources/DefaultSettingsVolumeProfile.asset
  artifactKey: Guid(e4736ae97850b3d468fd43a3c79b9679) Importer(815301076,1909f56bfc062723c751e8b465ee728b)
Start importing Assets/HDRPDefaultResources/DefaultSettingsVolumeProfile.asset using Guid(e4736ae97850b3d468fd43a3c79b9679) Importer(815301076,1909f56bfc062723c751e8b465ee728b)  -> (artifact id: 'e06a030e47a15f66b7046c89d30d298a') in 0.055529 seconds
  Import took 0.071256 seconds .

========================================================================
Received Import Request.
  Time since last request: 425.161619 seconds.
  path: Assets/HDRPDefaultResources/New Diffusion Profile.asset
  artifactKey: Guid(c8566f6a2aaad804c85a5fbc77199c64) Importer(815301076,1909f56bfc062723c751e8b465ee728b)
Start importing Assets/HDRPDefaultResources/New Diffusion Profile.asset using Guid(c8566f6a2aaad804c85a5fbc77199c64) Importer(815301076,1909f56bfc062723c751e8b465ee728b)  -> (artifact id: 'a431f095781b42e7b682addcbef96733') in 0.020269 seconds
  Import took 0.035711 seconds .

========================================================================
Received Import Request.
  Time since last request: 7.610801 seconds.
  path: Assets/HDRPDefaultResources/New HDRenderPipelineAsset.asset
  artifactKey: Guid(8dcd33008d1f48f40bd4754be558f9b5) Importer(815301076,1909f56bfc062723c751e8b465ee728b)
Start importing Assets/HDRPDefaultResources/New HDRenderPipelineAsset.asset using Guid(8dcd33008d1f48f40bd4754be558f9b5) Importer(815301076,1909f56bfc062723c751e8b465ee728b)  -> (artifact id: '37a03c4e1c2e606fc0e1a7c2ce08eca0') in 0.015856 seconds
  Import took 0.025690 seconds .

========================================================================
Received Prepare
Registering precompiled user dll's ...
Registered in 0.003941 seconds.
Begin MonoManager ReloadAssembly
Native extension for WindowsStandalone target not found
Refreshing native plugins compatible for Editor in 1.11 ms, found 0 plugins.
Preloading 0 native plugins for Editor in 0.00 ms.
Invoked RoslynAnalysisRunner static constructor.
RoslynAnalysisRunner will not be running.
RoslynAnalysisRunner has terminated.
Mono: successfully reloaded assembly
- Completed reload, in  2.645 seconds
Platform modules already initialized, skipping
Refreshing native plugins compatible for Editor in 2.77 ms, found 0 plugins.
Preloading 0 native plugins for Editor in 0.00 ms.
Unloading 3294 Unused Serialized files (Serialized files now loaded: 0)
System memory in use before: 177.1 MB.
System memory in use after: 177.4 MB.

Unloading 7 unused Assets to reduce memory usage. Loaded Objects now: 4214.
Total: 8.910800 ms (FindLiveObjects: 0.889100 ms CreateObjectMapping: 0.558700 ms MarkObjects: 7.227500 ms  DeleteObjects: 0.232900 ms)

AssetImportWorkerClient::OnTransportError - code=2 error=End of file
